[debug] [2023-08-15T03:24:57.644Z] ----------------------------------------------------------------------
[debug] [2023-08-15T03:24:57.645Z] Command:       C:\Program Files\nodejs\node.exe C:\Program Files\nodejs\node_modules\firebase-tools\lib\bin\firebase.js emulators:start --only functions
[debug] [2023-08-15T03:24:57.646Z] CLI Version:   12.4.7
[debug] [2023-08-15T03:24:57.646Z] Platform:      win32
[debug] [2023-08-15T03:24:57.646Z] Node Version:  v16.20.1
[debug] [2023-08-15T03:24:57.646Z] Time:          Mon Aug 14 2023 23:24:57 GMT-0400 (Eastern Daylight Saving Time)
[debug] [2023-08-15T03:24:57.647Z] ----------------------------------------------------------------------
[debug] 
[debug] [2023-08-15T03:24:57.713Z] > command requires scopes: ["email","openid","https://www.googleapis.com/auth/cloudplatformprojects.readonly","https://www.googleapis.com/auth/firebase","https://www.googleapis.com/auth/cloud-platform"]
[debug] [2023-08-15T03:24:57.713Z] > authorizing via signed-in user (matthew@bytesizecoder.ca)
[info] i  emulators: Starting emulators: functions {"metadata":{"emulator":{"name":"hub"},"message":"Starting emulators: functions"}}
[debug] [2023-08-15T03:24:57.721Z] [logging] Logging Emulator only supports listening on one address (127.0.0.1). Not listening on ::1
[debug] [2023-08-15T03:24:57.721Z] assigned listening specs for emulators {"user":{"hub":[{"address":"127.0.0.1","family":"IPv4","port":4400},{"address":"::1","family":"IPv6","port":4400}],"ui":[{"address":"127.0.0.1","family":"IPv4","port":4000},{"address":"::1","family":"IPv6","port":4000}],"logging":[{"address":"127.0.0.1","family":"IPv4","port":4500}]},"metadata":{"message":"assigned listening specs for emulators"}}
[debug] [2023-08-15T03:24:57.728Z] [hub] writing locator at C:\Users\mattw\AppData\Local\Temp\hub-coverme-47dc7.json
[debug] [2023-08-15T03:24:57.746Z] [functions] Functions Emulator only supports listening on one address (127.0.0.1). Not listening on ::1
[debug] [2023-08-15T03:24:57.746Z] [eventarc] Eventarc Emulator only supports listening on one address (127.0.0.1). Not listening on ::1
[debug] [2023-08-15T03:24:57.746Z] late-assigned ports for functions and eventarc emulators {"user":{"hub":[{"address":"127.0.0.1","family":"IPv4","port":4400},{"address":"::1","family":"IPv6","port":4400}],"ui":[{"address":"127.0.0.1","family":"IPv4","port":4000},{"address":"::1","family":"IPv6","port":4000}],"logging":[{"address":"127.0.0.1","family":"IPv4","port":4500}],"functions":[{"address":"127.0.0.1","family":"IPv4","port":5001}],"eventarc":[{"address":"127.0.0.1","family":"IPv4","port":9299}]},"metadata":{"message":"late-assigned ports for functions and eventarc emulators"}}
[warn] !  functions: The following emulators are not running, calls to these services from the Functions emulator will affect production: auth, firestore, database, hosting, pubsub, storage {"metadata":{"emulator":{"name":"functions"},"message":"The following emulators are not running, calls to these services from the Functions emulator will affect production: \u001b[1mauth, firestore, database, hosting, pubsub, storage\u001b[22m"}}
[debug] [2023-08-15T03:24:57.751Z] defaultcredentials: writing to file C:\Users\mattw\AppData\Roaming\firebase\matthew_bytesizecoder_ca_application_default_credentials.json
[debug] [2023-08-15T03:24:57.754Z] Setting GAC to C:\Users\mattw\AppData\Roaming\firebase\matthew_bytesizecoder_ca_application_default_credentials.json {"metadata":{"emulator":{"name":"functions"},"message":"Setting GAC to C:\\Users\\mattw\\AppData\\Roaming\\firebase\\matthew_bytesizecoder_ca_application_default_credentials.json"}}
[debug] [2023-08-15T03:24:57.755Z] >>> [apiv2][query] GET https://firebase.googleapis.com/v1beta1/projects/coverme-47dc7/adminSdkConfig [none]
[debug] [2023-08-15T03:24:58.023Z] <<< [apiv2][status] GET https://firebase.googleapis.com/v1beta1/projects/coverme-47dc7/adminSdkConfig 200
[debug] [2023-08-15T03:24:58.023Z] <<< [apiv2][body] GET https://firebase.googleapis.com/v1beta1/projects/coverme-47dc7/adminSdkConfig {"projectId":"coverme-47dc7","storageBucket":"coverme-47dc7.appspot.com","locationId":"us-east1"}
[debug] [2023-08-15T03:24:58.035Z] Ignoring unsupported arg: auto_download {"metadata":{"emulator":{"name":"ui"},"message":"Ignoring unsupported arg: auto_download"}}
[debug] [2023-08-15T03:24:58.035Z] Ignoring unsupported arg: port {"metadata":{"emulator":{"name":"ui"},"message":"Ignoring unsupported arg: port"}}
[debug] [2023-08-15T03:24:58.035Z] Starting Emulator UI with command {"binary":"node","args":["C:\\Users\\mattw\\.cache\\firebase\\emulators\\ui-v1.11.7\\server\\server.js"],"optionalArgs":[],"joinArgs":false} {"metadata":{"emulator":{"name":"ui"},"message":"Starting Emulator UI with command {\"binary\":\"node\",\"args\":[\"C:\\\\Users\\\\mattw\\\\.cache\\\\firebase\\\\emulators\\\\ui-v1.11.7\\\\server\\\\server.js\"],\"optionalArgs\":[],\"joinArgs\":false}"}}
[info] i  ui: Emulator UI logging to ui-debug.log {"metadata":{"emulator":{"name":"ui"},"message":"Emulator UI logging to \u001b[1mui-debug.log\u001b[22m"}}
[debug] [2023-08-15T03:24:58.529Z] Web / API server started at 127.0.0.1:4000
 {"metadata":{"emulator":{"name":"ui"},"message":"Web / API server started at 127.0.0.1:4000\n"}}
[debug] [2023-08-15T03:24:58.529Z] Web / API server started at ::1:4000
 {"metadata":{"emulator":{"name":"ui"},"message":"Web / API server started at ::1:4000\n"}}
[info] i  functions: Watching "C:\Code\coverme\packages\functions" for Cloud Functions... {"metadata":{"emulator":{"name":"functions"},"message":"Watching \"C:\\Code\\coverme\\packages\\functions\" for Cloud Functions..."}}
[debug] [2023-08-15T03:24:58.559Z] Validating nodejs source
[warn] !  functions: package.json indicates an outdated version of firebase-functions. Please upgrade using npm install --save firebase-functions@latest in your functions directory. 
[warn] !  functions: Please note that there will be breaking changes when you upgrade. 
[debug] [2023-08-15T03:24:59.479Z] > [functions] package.json contents: {
  "name": "functions",
  "scripts": {
    "build": "tsc",
    "serve": "env-cmd -f .env.dev npm run build && firebase emulators:start --only functions",
    "shell": "npm run build && firebase functions:shell",
    "start": "npm run shell",
    "deploy": "firebase deploy --only functions",
    "logs": "firebase functions:log",
    "deploy:dev": "env-cmd -f .env.dev firebase deploy --only functions -P dev",
    "deploy:demo": "firebase deploy --only functions -P demo",
    "deploy:oakville": "firebase deploy --only functions -P oakville",
    "compile": "tsc --project tsconfig.json"
  },
  "engines": {
    "node": "14"
  },
  "main": "lib/index.js",
  "dependencies": {
    "bluebird": "^3.7.2",
    "clicksend": "^5.0.37",
    "cookie-parser": "^1.4.6",
    "cors": "^2.8.5",
    "coverme-shared": "file:./src/coverme-shared",
    "express": "^4.17.1",
    "firebase": "^9.14.0",
    "firebase-admin": "^10.0.2",
    "firebase-functions": "^3.23.0",
    "http": "0.0.1-security",
    "request": "^2.88.2"
  },
  "devDependencies": {
    "@types/cookie-parser": "^1.4.2",
    "@types/node": "^18.11.18",
    "env-cmd": "^10.1.0",
    "firebase-functions-test": "^0.2.0",
    "typescript": "^4.9.3"
  },
  "private": true
}
[debug] [2023-08-15T03:24:59.479Z] Building nodejs source
[debug] [2023-08-15T03:24:59.479Z] Failed to find version of module node: reached end of search path C:\Code\coverme\packages\functions\node_modules
[warn] !  functions: Your requested "node" version "14" doesn't match your global version "16". Using node@16 from host. 
[info] i  functions: Loaded environment variables from .env.dev. 
[debug] [2023-08-15T03:24:59.483Z] Could not find functions.yaml. Must use http discovery
[debug] [2023-08-15T03:24:59.486Z] Found firebase-functions binary at 'C:\Code\coverme\packages\functions\node_modules\.bin\firebase-functions'
[info] Serving at port 8024

[debug] [2023-08-15T03:24:59.875Z] Got response from /__/functions.yaml {"endpoints":{"api":{"platform":"gcfv1","httpsTrigger":{},"entryPoint":"api"},"scheduledFunction":{"platform":"gcfv1","scheduleTrigger":{"schedule":"* * * * *"},"labels":{},"entryPoint":"scheduledFunction"}},"specVersion":"v1alpha1","requiredAPIs":[{"api":"cloudscheduler.googleapis.com","reason":"Needed for scheduled functions."}]}
[info] shutdown requested via /__/quitquitquit

[info] +  functions: Loaded functions definitions from source: api, scheduledFunction. {"metadata":{"emulator":{"name":"functions"},"message":"Loaded functions definitions from source: api, scheduledFunction."}}
[info] +  functions[us-central1-api]: http function initialized (http://127.0.0.1:5001/coverme-47dc7/us-central1/api). {"metadata":{"emulator":{"name":"functions"},"message":"\u001b[1mhttp\u001b[22m function initialized (http://127.0.0.1:5001/coverme-47dc7/us-central1/api)."}}
[info] i  functions[us-central1-scheduledFunction]: function ignored because the pubsub emulator does not exist or is not running. {"metadata":{"emulator":{"name":"functions"},"message":"function ignored because the pubsub emulator does not exist or is not running."}}
[info] 
┌─────────────────────────────────────────────────────────────┐
│ ✔  All emulators ready! It is now safe to connect your app. │
│ i  View Emulator UI at http://127.0.0.1:4000/               │
└─────────────────────────────────────────────────────────────┘

┌───────────┬────────────────┬─────────────────────────────────┐
│ Emulator  │ Host:Port      │ View in Emulator UI             │
├───────────┼────────────────┼─────────────────────────────────┤
│ Functions │ 127.0.0.1:5001 │ http://127.0.0.1:4000/functions │
└───────────┴────────────────┴─────────────────────────────────┘
  Emulator Hub running at 127.0.0.1:4400
  Other reserved ports: 4500

Issues? Report them at https://github.com/firebase/firebase-tools/issues and attach the *-debug.log files.
 
[debug] [2023-08-15T03:26:24.868Z] [work-queue] {"queuedWork":["/coverme-47dc7/us-central1/api/auth-2023-08-15T03:26:24.868Z"],"queueLength":1,"runningWork":[],"workRunningCount":0}
[debug] [2023-08-15T03:26:24.870Z] [work-queue] {"queuedWork":[],"queueLength":0,"runningWork":["/coverme-47dc7/us-central1/api/auth-2023-08-15T03:26:24.868Z"],"workRunningCount":1}
[debug] [2023-08-15T03:26:24.872Z] Accepted request GET /coverme-47dc7/us-central1/api/auth --> us-central1-api
[debug] [2023-08-15T03:26:24.879Z] [functions] Runtime ready! Sending request! {"metadata":{"emulator":{"name":"functions"},"message":"[functions] Runtime ready! Sending request!"}}
[debug] [2023-08-15T03:26:24.881Z] [functions] Got req.url=/coverme-47dc7/us-central1/api/auth, mapping to path=/auth {"metadata":{"emulator":{"name":"functions"},"message":"[functions] Got req.url=/coverme-47dc7/us-central1/api/auth, mapping to path=/auth"}}
[info] i  functions: Loaded environment variables from .env.dev. 
[debug] [2023-08-15T03:26:24.907Z] [worker-pool] addWorker(us-central1-api) {"metadata":{"emulator":{"name":"functions"},"message":"[worker-pool] addWorker(us-central1-api)"}}
[debug] [2023-08-15T03:26:24.909Z] [worker-pool] Adding worker with key us-central1-api, total=1 {"metadata":{"emulator":{"name":"functions"},"message":"[worker-pool] Adding worker with key us-central1-api, total=1"}}
[debug] [2023-08-15T03:26:25.727Z] [runtime-status] [15824] Resolved module firebase-admin {"declared":true,"installed":true,"version":"10.3.0","resolution":"C:\\Code\\coverme\\packages\\functions\\node_modules\\firebase-admin\\lib\\index.js"} {"metadata":{"emulator":{"name":"functions"},"function":{"name":"us-central1-api"},"extension":{},"message":"[runtime-status] [15824] Resolved module firebase-admin {\"declared\":true,\"installed\":true,\"version\":\"10.3.0\",\"resolution\":\"C:\\\\Code\\\\coverme\\\\packages\\\\functions\\\\node_modules\\\\firebase-admin\\\\lib\\\\index.js\"}"}}
[debug] [2023-08-15T03:26:25.727Z] [runtime-status] [15824] Resolved module firebase-functions {"declared":true,"installed":true,"version":"3.24.1","resolution":"C:\\Code\\coverme\\packages\\functions\\node_modules\\firebase-functions\\lib\\index.js"} {"metadata":{"emulator":{"name":"functions"},"function":{"name":"us-central1-api"},"extension":{},"message":"[runtime-status] [15824] Resolved module firebase-functions {\"declared\":true,\"installed\":true,\"version\":\"3.24.1\",\"resolution\":\"C:\\\\Code\\\\coverme\\\\packages\\\\functions\\\\node_modules\\\\firebase-functions\\\\lib\\\\index.js\"}"}}
[debug] [2023-08-15T03:26:25.728Z] [runtime-status] [15824] Outgoing network have been stubbed. [{"name":"http","status":"mocked"},{"name":"http","status":"mocked"},{"name":"https","status":"mocked"},{"name":"https","status":"mocked"},{"name":"net","status":"mocked"}] {"metadata":{"emulator":{"name":"functions"},"function":{"name":"us-central1-api"},"extension":{},"message":"[runtime-status] [15824] Outgoing network have been stubbed. [{\"name\":\"http\",\"status\":\"mocked\"},{\"name\":\"http\",\"status\":\"mocked\"},{\"name\":\"https\",\"status\":\"mocked\"},{\"name\":\"https\",\"status\":\"mocked\"},{\"name\":\"net\",\"status\":\"mocked\"}]"}}
[debug] [2023-08-15T03:26:25.728Z] [runtime-status] [15824] Resolved module firebase-functions {"declared":true,"installed":true,"version":"3.24.1","resolution":"C:\\Code\\coverme\\packages\\functions\\node_modules\\firebase-functions\\lib\\index.js"} {"metadata":{"emulator":{"name":"functions"},"function":{"name":"us-central1-api"},"extension":{},"message":"[runtime-status] [15824] Resolved module firebase-functions {\"declared\":true,\"installed\":true,\"version\":\"3.24.1\",\"resolution\":\"C:\\\\Code\\\\coverme\\\\packages\\\\functions\\\\node_modules\\\\firebase-functions\\\\lib\\\\index.js\"}"}}
[debug] [2023-08-15T03:26:25.764Z] [runtime-status] [15824] Checked functions.config() {"config":{}} {"metadata":{"emulator":{"name":"functions"},"function":{"name":"us-central1-api"},"extension":{},"message":"[runtime-status] [15824] Checked functions.config() {\"config\":{}}"}}
[debug] [2023-08-15T03:26:25.765Z] [runtime-status] [15824] firebase-functions has been stubbed. {"functionsResolution":{"declared":true,"installed":true,"version":"3.24.1","resolution":"C:\\Code\\coverme\\packages\\functions\\node_modules\\firebase-functions\\lib\\index.js"}} {"metadata":{"emulator":{"name":"functions"},"function":{"name":"us-central1-api"},"extension":{},"message":"[runtime-status] [15824] firebase-functions has been stubbed. {\"functionsResolution\":{\"declared\":true,\"installed\":true,\"version\":\"3.24.1\",\"resolution\":\"C:\\\\Code\\\\coverme\\\\packages\\\\functions\\\\node_modules\\\\firebase-functions\\\\lib\\\\index.js\"}}"}}
[debug] [2023-08-15T03:26:25.765Z] [runtime-status] [15824] Resolved module firebase-functions {"declared":true,"installed":true,"version":"3.24.1","resolution":"C:\\Code\\coverme\\packages\\functions\\node_modules\\firebase-functions\\lib\\index.js"} {"metadata":{"emulator":{"name":"functions"},"function":{"name":"us-central1-api"},"extension":{},"message":"[runtime-status] [15824] Resolved module firebase-functions {\"declared\":true,\"installed\":true,\"version\":\"3.24.1\",\"resolution\":\"C:\\\\Code\\\\coverme\\\\packages\\\\functions\\\\node_modules\\\\firebase-functions\\\\lib\\\\index.js\"}"}}
[debug] [2023-08-15T03:26:25.766Z] [runtime-status] [15824] Resolved module firebase-admin {"declared":true,"installed":true,"version":"10.3.0","resolution":"C:\\Code\\coverme\\packages\\functions\\node_modules\\firebase-admin\\lib\\index.js"} {"metadata":{"emulator":{"name":"functions"},"function":{"name":"us-central1-api"},"extension":{},"message":"[runtime-status] [15824] Resolved module firebase-admin {\"declared\":true,\"installed\":true,\"version\":\"10.3.0\",\"resolution\":\"C:\\\\Code\\\\coverme\\\\packages\\\\functions\\\\node_modules\\\\firebase-admin\\\\lib\\\\index.js\"}"}}
[debug] [2023-08-15T03:26:25.766Z] [runtime-status] [15824] Resolved module firebase-functions {"declared":true,"installed":true,"version":"3.24.1","resolution":"C:\\Code\\coverme\\packages\\functions\\node_modules\\firebase-functions\\lib\\index.js"} {"metadata":{"emulator":{"name":"functions"},"function":{"name":"us-central1-api"},"extension":{},"message":"[runtime-status] [15824] Resolved module firebase-functions {\"declared\":true,\"installed\":true,\"version\":\"3.24.1\",\"resolution\":\"C:\\\\Code\\\\coverme\\\\packages\\\\functions\\\\node_modules\\\\firebase-functions\\\\lib\\\\index.js\"}"}}
[debug] [2023-08-15T03:26:25.767Z] [runtime-status] [15824] firebase-admin has been stubbed. {"adminResolution":{"declared":true,"installed":true,"version":"10.3.0","resolution":"C:\\Code\\coverme\\packages\\functions\\node_modules\\firebase-admin\\lib\\index.js"}} {"metadata":{"emulator":{"name":"functions"},"function":{"name":"us-central1-api"},"extension":{},"message":"[runtime-status] [15824] firebase-admin has been stubbed. {\"adminResolution\":{\"declared\":true,\"installed\":true,\"version\":\"10.3.0\",\"resolution\":\"C:\\\\Code\\\\coverme\\\\packages\\\\functions\\\\node_modules\\\\firebase-admin\\\\lib\\\\index.js\"}}"}}
[debug] [2023-08-15T03:26:25.990Z] [runtime-status] [15824] Functions runtime initialized. {"cwd":"C:\\Code\\coverme\\packages\\functions","node_version":"16.20.1"} {"metadata":{"emulator":{"name":"functions"},"function":{"name":"us-central1-api"},"extension":{},"message":"[runtime-status] [15824] Functions runtime initialized. {\"cwd\":\"C:\\\\Code\\\\coverme\\\\packages\\\\functions\",\"node_version\":\"16.20.1\"}"}}
[debug] [2023-08-15T03:26:25.990Z] [runtime-status] [15824] Listening to port: \\?\pipe\fire_emu_18539056d33d2098 {"metadata":{"emulator":{"name":"functions"},"function":{"name":"us-central1-api"},"extension":{},"message":"[runtime-status] [15824] Listening to port: \\\\?\\pipe\\fire_emu_18539056d33d2098"}}
[debug] [2023-08-15T03:26:26.013Z] [worker-us-central1-api-70ed723e-7eb0-49d3-b334-bd45fd9947e7]: IDLE {"metadata":{"emulator":{"name":"functions"},"function":{"name":"us-central1-api"},"extension":{},"message":"[worker-us-central1-api-70ed723e-7eb0-49d3-b334-bd45fd9947e7]: IDLE"}}
[debug] [2023-08-15T03:26:26.014Z] [worker-pool] submitRequest(triggerId=us-central1-api) {"metadata":{"emulator":{"name":"functions"},"message":"[worker-pool] submitRequest(triggerId=us-central1-api)"}}
[info] i  functions: Beginning execution of "us-central1-api" {"metadata":{"emulator":{"name":"functions"},"function":{"name":"us-central1-api"},"extension":{},"message":"Beginning execution of \"us-central1-api\""}}
[debug] [2023-08-15T03:26:26.015Z] [worker-us-central1-api-70ed723e-7eb0-49d3-b334-bd45fd9947e7]: BUSY {"metadata":{"emulator":{"name":"functions"},"function":{"name":"us-central1-api"},"extension":{},"message":"[worker-us-central1-api-70ed723e-7eb0-49d3-b334-bd45fd9947e7]: BUSY"}}
[warn] !  Google API requested!
   - URL: "https://oauth2.googleapis.com/token"
   - Be careful, this may be a production service. {"metadata":{"emulator":{"name":"functions"},"function":{"name":"us-central1-api"},"extension":{},"message":"Google API requested!\n   - URL: \"https://oauth2.googleapis.com/token\"\n   - Be careful, this may be a production service."}}
[debug] [2023-08-15T03:26:27.669Z] Finishing up request with event=pause {"metadata":{"emulator":{"name":"functions"},"function":{"name":"us-central1-api"},"extension":{},"message":"Finishing up request with event=pause"}}
[info] i  functions: Finished "us-central1-api" in 1654.3125ms {"metadata":{"emulator":{"name":"functions"},"function":{"name":"us-central1-api"},"extension":{},"message":"Finished \"us-central1-api\" in 1654.3125ms"}}
[debug] [2023-08-15T03:26:27.670Z] [worker-us-central1-api-70ed723e-7eb0-49d3-b334-bd45fd9947e7]: IDLE {"metadata":{"emulator":{"name":"functions"},"function":{"name":"us-central1-api"},"extension":{},"message":"[worker-us-central1-api-70ed723e-7eb0-49d3-b334-bd45fd9947e7]: IDLE"}}
[debug] [2023-08-15T03:26:27.671Z] Finishing up request with event=finish {"metadata":{"emulator":{"name":"functions"},"function":{"name":"us-central1-api"},"extension":{},"message":"Finishing up request with event=finish"}}
[debug] [2023-08-15T03:26:27.671Z] Finishing up request with event=close {"metadata":{"emulator":{"name":"functions"},"function":{"name":"us-central1-api"},"extension":{},"message":"Finishing up request with event=close"}}
[debug] [2023-08-15T03:26:27.671Z] [work-queue] {"queuedWork":[],"queueLength":0,"runningWork":[],"workRunningCount":0}
[debug] [2023-08-15T03:26:31.256Z] [work-queue] {"queuedWork":["/coverme-47dc7/us-central1/api/teams-2023-08-15T03:26:31.256Z"],"queueLength":1,"runningWork":[],"workRunningCount":0}
[debug] [2023-08-15T03:26:31.256Z] [work-queue] {"queuedWork":[],"queueLength":0,"runningWork":["/coverme-47dc7/us-central1/api/teams-2023-08-15T03:26:31.256Z"],"workRunningCount":1}
[debug] [2023-08-15T03:26:31.256Z] Accepted request GET /coverme-47dc7/us-central1/api/teams --> us-central1-api
[debug] [2023-08-15T03:26:31.258Z] [functions] Runtime ready! Sending request! {"metadata":{"emulator":{"name":"functions"},"message":"[functions] Runtime ready! Sending request!"}}
[debug] [2023-08-15T03:26:31.258Z] [functions] Got req.url=/coverme-47dc7/us-central1/api/teams, mapping to path=/teams {"metadata":{"emulator":{"name":"functions"},"message":"[functions] Got req.url=/coverme-47dc7/us-central1/api/teams, mapping to path=/teams"}}
[debug] [2023-08-15T03:26:31.258Z] [worker-pool] submitRequest(triggerId=us-central1-api) {"metadata":{"emulator":{"name":"functions"},"message":"[worker-pool] submitRequest(triggerId=us-central1-api)"}}
[info] i  functions: Beginning execution of "us-central1-api" {"metadata":{"emulator":{"name":"functions"},"function":{"name":"us-central1-api"},"extension":{},"message":"Beginning execution of \"us-central1-api\""}}
[debug] [2023-08-15T03:26:31.259Z] [worker-us-central1-api-70ed723e-7eb0-49d3-b334-bd45fd9947e7]: BUSY {"metadata":{"emulator":{"name":"functions"},"function":{"name":"us-central1-api"},"extension":{},"message":"[worker-us-central1-api-70ed723e-7eb0-49d3-b334-bd45fd9947e7]: BUSY"}}
[debug] [2023-08-15T03:26:31.548Z] Finishing up request with event=pause {"metadata":{"emulator":{"name":"functions"},"function":{"name":"us-central1-api"},"extension":{},"message":"Finishing up request with event=pause"}}
[info] i  functions: Finished "us-central1-api" in 289.7833ms {"metadata":{"emulator":{"name":"functions"},"function":{"name":"us-central1-api"},"extension":{},"message":"Finished \"us-central1-api\" in 289.7833ms"}}
[debug] [2023-08-15T03:26:31.550Z] [worker-us-central1-api-70ed723e-7eb0-49d3-b334-bd45fd9947e7]: IDLE {"metadata":{"emulator":{"name":"functions"},"function":{"name":"us-central1-api"},"extension":{},"message":"[worker-us-central1-api-70ed723e-7eb0-49d3-b334-bd45fd9947e7]: IDLE"}}
[debug] [2023-08-15T03:26:31.550Z] Finishing up request with event=finish {"metadata":{"emulator":{"name":"functions"},"function":{"name":"us-central1-api"},"extension":{},"message":"Finishing up request with event=finish"}}
[debug] [2023-08-15T03:26:31.550Z] Finishing up request with event=close {"metadata":{"emulator":{"name":"functions"},"function":{"name":"us-central1-api"},"extension":{},"message":"Finishing up request with event=close"}}
[debug] [2023-08-15T03:26:31.550Z] [work-queue] {"queuedWork":[],"queueLength":0,"runningWork":[],"workRunningCount":0}
[debug] [2023-08-15T03:26:32.864Z] [work-queue] {"queuedWork":["/coverme-47dc7/us-central1/api/staff/list-2023-08-15T03:26:32.864Z"],"queueLength":1,"runningWork":[],"workRunningCount":0}
[debug] [2023-08-15T03:26:32.864Z] [work-queue] {"queuedWork":[],"queueLength":0,"runningWork":["/coverme-47dc7/us-central1/api/staff/list-2023-08-15T03:26:32.864Z"],"workRunningCount":1}
[debug] [2023-08-15T03:26:32.864Z] Accepted request OPTIONS /coverme-47dc7/us-central1/api/staff/list --> us-central1-api
[debug] [2023-08-15T03:26:32.866Z] [functions] Runtime ready! Sending request! {"metadata":{"emulator":{"name":"functions"},"message":"[functions] Runtime ready! Sending request!"}}
[debug] [2023-08-15T03:26:32.867Z] [functions] Got req.url=/coverme-47dc7/us-central1/api/staff/list, mapping to path=/staff/list {"metadata":{"emulator":{"name":"functions"},"message":"[functions] Got req.url=/coverme-47dc7/us-central1/api/staff/list, mapping to path=/staff/list"}}
[debug] [2023-08-15T03:26:32.867Z] [worker-pool] submitRequest(triggerId=us-central1-api) {"metadata":{"emulator":{"name":"functions"},"message":"[worker-pool] submitRequest(triggerId=us-central1-api)"}}
[info] i  functions: Beginning execution of "us-central1-api" {"metadata":{"emulator":{"name":"functions"},"function":{"name":"us-central1-api"},"extension":{},"message":"Beginning execution of \"us-central1-api\""}}
[debug] [2023-08-15T03:26:32.868Z] [worker-us-central1-api-70ed723e-7eb0-49d3-b334-bd45fd9947e7]: BUSY {"metadata":{"emulator":{"name":"functions"},"function":{"name":"us-central1-api"},"extension":{},"message":"[worker-us-central1-api-70ed723e-7eb0-49d3-b334-bd45fd9947e7]: BUSY"}}
[debug] [2023-08-15T03:26:32.871Z] [work-queue] {"queuedWork":["/coverme-47dc7/us-central1/api/users-2023-08-15T03:26:32.870Z"],"queueLength":1,"runningWork":["/coverme-47dc7/us-central1/api/staff/list-2023-08-15T03:26:32.864Z"],"workRunningCount":1}
[debug] [2023-08-15T03:26:32.871Z] [work-queue] {"queuedWork":[],"queueLength":0,"runningWork":["/coverme-47dc7/us-central1/api/staff/list-2023-08-15T03:26:32.864Z","/coverme-47dc7/us-central1/api/users-2023-08-15T03:26:32.870Z"],"workRunningCount":2}
[debug] [2023-08-15T03:26:32.871Z] Accepted request OPTIONS /coverme-47dc7/us-central1/api/users --> us-central1-api
[debug] [2023-08-15T03:26:32.874Z] [functions] Runtime ready! Sending request! {"metadata":{"emulator":{"name":"functions"},"message":"[functions] Runtime ready! Sending request!"}}
[debug] [2023-08-15T03:26:32.874Z] [functions] Got req.url=/coverme-47dc7/us-central1/api/users, mapping to path=/users {"metadata":{"emulator":{"name":"functions"},"message":"[functions] Got req.url=/coverme-47dc7/us-central1/api/users, mapping to path=/users"}}
[info] i  functions: Loaded environment variables from .env.dev. 
[debug] [2023-08-15T03:26:32.894Z] [worker-pool] addWorker(us-central1-api) {"metadata":{"emulator":{"name":"functions"},"message":"[worker-pool] addWorker(us-central1-api)"}}
[debug] [2023-08-15T03:26:32.894Z] [worker-pool] Adding worker with key us-central1-api, total=2 {"metadata":{"emulator":{"name":"functions"},"message":"[worker-pool] Adding worker with key us-central1-api, total=2"}}
[debug] [2023-08-15T03:26:32.899Z] Finishing up request with event=pause {"metadata":{"emulator":{"name":"functions"},"function":{"name":"us-central1-api"},"extension":{},"message":"Finishing up request with event=pause"}}
[info] i  functions: Finished "us-central1-api" in 31.4548ms {"metadata":{"emulator":{"name":"functions"},"function":{"name":"us-central1-api"},"extension":{},"message":"Finished \"us-central1-api\" in 31.4548ms"}}
[debug] [2023-08-15T03:26:32.901Z] [worker-us-central1-api-70ed723e-7eb0-49d3-b334-bd45fd9947e7]: IDLE {"metadata":{"emulator":{"name":"functions"},"function":{"name":"us-central1-api"},"extension":{},"message":"[worker-us-central1-api-70ed723e-7eb0-49d3-b334-bd45fd9947e7]: IDLE"}}
[debug] [2023-08-15T03:26:32.901Z] Finishing up request with event=finish {"metadata":{"emulator":{"name":"functions"},"function":{"name":"us-central1-api"},"extension":{},"message":"Finishing up request with event=finish"}}
[debug] [2023-08-15T03:26:32.902Z] Finishing up request with event=close {"metadata":{"emulator":{"name":"functions"},"function":{"name":"us-central1-api"},"extension":{},"message":"Finishing up request with event=close"}}
[debug] [2023-08-15T03:26:32.902Z] [work-queue] {"queuedWork":[],"queueLength":0,"runningWork":["/coverme-47dc7/us-central1/api/users-2023-08-15T03:26:32.870Z"],"workRunningCount":1}
[debug] [2023-08-15T03:26:32.903Z] [work-queue] {"queuedWork":["/coverme-47dc7/us-central1/api/staff/list-2023-08-15T03:26:32.903Z"],"queueLength":1,"runningWork":["/coverme-47dc7/us-central1/api/users-2023-08-15T03:26:32.870Z"],"workRunningCount":1}
[debug] [2023-08-15T03:26:32.903Z] [work-queue] {"queuedWork":[],"queueLength":0,"runningWork":["/coverme-47dc7/us-central1/api/users-2023-08-15T03:26:32.870Z","/coverme-47dc7/us-central1/api/staff/list-2023-08-15T03:26:32.903Z"],"workRunningCount":2}
[debug] [2023-08-15T03:26:32.903Z] Accepted request POST /coverme-47dc7/us-central1/api/staff/list --> us-central1-api
[debug] [2023-08-15T03:26:32.905Z] [functions] Runtime ready! Sending request! {"metadata":{"emulator":{"name":"functions"},"message":"[functions] Runtime ready! Sending request!"}}
[debug] [2023-08-15T03:26:32.906Z] [functions] Got req.url=/coverme-47dc7/us-central1/api/staff/list, mapping to path=/staff/list {"metadata":{"emulator":{"name":"functions"},"message":"[functions] Got req.url=/coverme-47dc7/us-central1/api/staff/list, mapping to path=/staff/list"}}
[debug] [2023-08-15T03:26:32.906Z] [worker-pool] submitRequest(triggerId=us-central1-api) {"metadata":{"emulator":{"name":"functions"},"message":"[worker-pool] submitRequest(triggerId=us-central1-api)"}}
[info] i  functions: Beginning execution of "us-central1-api" {"metadata":{"emulator":{"name":"functions"},"function":{"name":"us-central1-api"},"extension":{},"message":"Beginning execution of \"us-central1-api\""}}
[debug] [2023-08-15T03:26:32.907Z] [worker-us-central1-api-70ed723e-7eb0-49d3-b334-bd45fd9947e7]: BUSY {"metadata":{"emulator":{"name":"functions"},"function":{"name":"us-central1-api"},"extension":{},"message":"[worker-us-central1-api-70ed723e-7eb0-49d3-b334-bd45fd9947e7]: BUSY"}}
[debug] [2023-08-15T03:26:33.331Z] Finishing up request with event=pause {"metadata":{"emulator":{"name":"functions"},"function":{"name":"us-central1-api"},"extension":{},"message":"Finishing up request with event=pause"}}
[info] i  functions: Finished "us-central1-api" in 423.8424ms {"metadata":{"emulator":{"name":"functions"},"function":{"name":"us-central1-api"},"extension":{},"message":"Finished \"us-central1-api\" in 423.8424ms"}}
[debug] [2023-08-15T03:26:33.332Z] [worker-us-central1-api-70ed723e-7eb0-49d3-b334-bd45fd9947e7]: IDLE {"metadata":{"emulator":{"name":"functions"},"function":{"name":"us-central1-api"},"extension":{},"message":"[worker-us-central1-api-70ed723e-7eb0-49d3-b334-bd45fd9947e7]: IDLE"}}
[debug] [2023-08-15T03:26:33.332Z] Finishing up request with event=finish {"metadata":{"emulator":{"name":"functions"},"function":{"name":"us-central1-api"},"extension":{},"message":"Finishing up request with event=finish"}}
[debug] [2023-08-15T03:26:33.332Z] Finishing up request with event=close {"metadata":{"emulator":{"name":"functions"},"function":{"name":"us-central1-api"},"extension":{},"message":"Finishing up request with event=close"}}
[debug] [2023-08-15T03:26:33.332Z] [work-queue] {"queuedWork":[],"queueLength":0,"runningWork":["/coverme-47dc7/us-central1/api/users-2023-08-15T03:26:32.870Z"],"workRunningCount":1}
[debug] [2023-08-15T03:26:33.693Z] [runtime-status] [11556] Resolved module firebase-admin {"declared":true,"installed":true,"version":"10.3.0","resolution":"C:\\Code\\coverme\\packages\\functions\\node_modules\\firebase-admin\\lib\\index.js"} {"metadata":{"emulator":{"name":"functions"},"function":{"name":"us-central1-api"},"extension":{},"message":"[runtime-status] [11556] Resolved module firebase-admin {\"declared\":true,\"installed\":true,\"version\":\"10.3.0\",\"resolution\":\"C:\\\\Code\\\\coverme\\\\packages\\\\functions\\\\node_modules\\\\firebase-admin\\\\lib\\\\index.js\"}"}}
[debug] [2023-08-15T03:26:33.694Z] [runtime-status] [11556] Resolved module firebase-functions {"declared":true,"installed":true,"version":"3.24.1","resolution":"C:\\Code\\coverme\\packages\\functions\\node_modules\\firebase-functions\\lib\\index.js"} {"metadata":{"emulator":{"name":"functions"},"function":{"name":"us-central1-api"},"extension":{},"message":"[runtime-status] [11556] Resolved module firebase-functions {\"declared\":true,\"installed\":true,\"version\":\"3.24.1\",\"resolution\":\"C:\\\\Code\\\\coverme\\\\packages\\\\functions\\\\node_modules\\\\firebase-functions\\\\lib\\\\index.js\"}"}}
[debug] [2023-08-15T03:26:33.695Z] [runtime-status] [11556] Outgoing network have been stubbed. [{"name":"http","status":"mocked"},{"name":"http","status":"mocked"},{"name":"https","status":"mocked"},{"name":"https","status":"mocked"},{"name":"net","status":"mocked"}] {"metadata":{"emulator":{"name":"functions"},"function":{"name":"us-central1-api"},"extension":{},"message":"[runtime-status] [11556] Outgoing network have been stubbed. [{\"name\":\"http\",\"status\":\"mocked\"},{\"name\":\"http\",\"status\":\"mocked\"},{\"name\":\"https\",\"status\":\"mocked\"},{\"name\":\"https\",\"status\":\"mocked\"},{\"name\":\"net\",\"status\":\"mocked\"}]"}}
[debug] [2023-08-15T03:26:33.695Z] [runtime-status] [11556] Resolved module firebase-functions {"declared":true,"installed":true,"version":"3.24.1","resolution":"C:\\Code\\coverme\\packages\\functions\\node_modules\\firebase-functions\\lib\\index.js"} {"metadata":{"emulator":{"name":"functions"},"function":{"name":"us-central1-api"},"extension":{},"message":"[runtime-status] [11556] Resolved module firebase-functions {\"declared\":true,\"installed\":true,\"version\":\"3.24.1\",\"resolution\":\"C:\\\\Code\\\\coverme\\\\packages\\\\functions\\\\node_modules\\\\firebase-functions\\\\lib\\\\index.js\"}"}}
[debug] [2023-08-15T03:26:33.724Z] [runtime-status] [11556] Checked functions.config() {"config":{}} {"metadata":{"emulator":{"name":"functions"},"function":{"name":"us-central1-api"},"extension":{},"message":"[runtime-status] [11556] Checked functions.config() {\"config\":{}}"}}
[debug] [2023-08-15T03:26:33.725Z] [runtime-status] [11556] firebase-functions has been stubbed. {"functionsResolution":{"declared":true,"installed":true,"version":"3.24.1","resolution":"C:\\Code\\coverme\\packages\\functions\\node_modules\\firebase-functions\\lib\\index.js"}} {"metadata":{"emulator":{"name":"functions"},"function":{"name":"us-central1-api"},"extension":{},"message":"[runtime-status] [11556] firebase-functions has been stubbed. {\"functionsResolution\":{\"declared\":true,\"installed\":true,\"version\":\"3.24.1\",\"resolution\":\"C:\\\\Code\\\\coverme\\\\packages\\\\functions\\\\node_modules\\\\firebase-functions\\\\lib\\\\index.js\"}}"}}
[debug] [2023-08-15T03:26:33.725Z] [runtime-status] [11556] Resolved module firebase-functions {"declared":true,"installed":true,"version":"3.24.1","resolution":"C:\\Code\\coverme\\packages\\functions\\node_modules\\firebase-functions\\lib\\index.js"} {"metadata":{"emulator":{"name":"functions"},"function":{"name":"us-central1-api"},"extension":{},"message":"[runtime-status] [11556] Resolved module firebase-functions {\"declared\":true,\"installed\":true,\"version\":\"3.24.1\",\"resolution\":\"C:\\\\Code\\\\coverme\\\\packages\\\\functions\\\\node_modules\\\\firebase-functions\\\\lib\\\\index.js\"}"}}
[debug] [2023-08-15T03:26:33.726Z] [runtime-status] [11556] Resolved module firebase-admin {"declared":true,"installed":true,"version":"10.3.0","resolution":"C:\\Code\\coverme\\packages\\functions\\node_modules\\firebase-admin\\lib\\index.js"} {"metadata":{"emulator":{"name":"functions"},"function":{"name":"us-central1-api"},"extension":{},"message":"[runtime-status] [11556] Resolved module firebase-admin {\"declared\":true,\"installed\":true,\"version\":\"10.3.0\",\"resolution\":\"C:\\\\Code\\\\coverme\\\\packages\\\\functions\\\\node_modules\\\\firebase-admin\\\\lib\\\\index.js\"}"}}
[debug] [2023-08-15T03:26:33.726Z] [runtime-status] [11556] Resolved module firebase-functions {"declared":true,"installed":true,"version":"3.24.1","resolution":"C:\\Code\\coverme\\packages\\functions\\node_modules\\firebase-functions\\lib\\index.js"} {"metadata":{"emulator":{"name":"functions"},"function":{"name":"us-central1-api"},"extension":{},"message":"[runtime-status] [11556] Resolved module firebase-functions {\"declared\":true,\"installed\":true,\"version\":\"3.24.1\",\"resolution\":\"C:\\\\Code\\\\coverme\\\\packages\\\\functions\\\\node_modules\\\\firebase-functions\\\\lib\\\\index.js\"}"}}
[debug] [2023-08-15T03:26:33.727Z] [runtime-status] [11556] firebase-admin has been stubbed. {"adminResolution":{"declared":true,"installed":true,"version":"10.3.0","resolution":"C:\\Code\\coverme\\packages\\functions\\node_modules\\firebase-admin\\lib\\index.js"}} {"metadata":{"emulator":{"name":"functions"},"function":{"name":"us-central1-api"},"extension":{},"message":"[runtime-status] [11556] firebase-admin has been stubbed. {\"adminResolution\":{\"declared\":true,\"installed\":true,\"version\":\"10.3.0\",\"resolution\":\"C:\\\\Code\\\\coverme\\\\packages\\\\functions\\\\node_modules\\\\firebase-admin\\\\lib\\\\index.js\"}}"}}
[debug] [2023-08-15T03:26:33.948Z] [runtime-status] [11556] Functions runtime initialized. {"cwd":"C:\\Code\\coverme\\packages\\functions","node_version":"16.20.1"} {"metadata":{"emulator":{"name":"functions"},"function":{"name":"us-central1-api"},"extension":{},"message":"[runtime-status] [11556] Functions runtime initialized. {\"cwd\":\"C:\\\\Code\\\\coverme\\\\packages\\\\functions\",\"node_version\":\"16.20.1\"}"}}
[debug] [2023-08-15T03:26:33.949Z] [runtime-status] [11556] Listening to port: \\?\pipe\fire_emu_bf9e723b9ffff6be {"metadata":{"emulator":{"name":"functions"},"function":{"name":"us-central1-api"},"extension":{},"message":"[runtime-status] [11556] Listening to port: \\\\?\\pipe\\fire_emu_bf9e723b9ffff6be"}}
[debug] [2023-08-15T03:26:33.999Z] [worker-us-central1-api-a5e5e6a5-422a-49f8-aa44-0bcef7fafc1a]: IDLE {"metadata":{"emulator":{"name":"functions"},"function":{"name":"us-central1-api"},"extension":{},"message":"[worker-us-central1-api-a5e5e6a5-422a-49f8-aa44-0bcef7fafc1a]: IDLE"}}
[debug] [2023-08-15T03:26:33.999Z] [worker-pool] submitRequest(triggerId=us-central1-api) {"metadata":{"emulator":{"name":"functions"},"message":"[worker-pool] submitRequest(triggerId=us-central1-api)"}}
[info] i  functions: Beginning execution of "us-central1-api" {"metadata":{"emulator":{"name":"functions"},"function":{"name":"us-central1-api"},"extension":{},"message":"Beginning execution of \"us-central1-api\""}}
[debug] [2023-08-15T03:26:34.000Z] [worker-us-central1-api-70ed723e-7eb0-49d3-b334-bd45fd9947e7]: BUSY {"metadata":{"emulator":{"name":"functions"},"function":{"name":"us-central1-api"},"extension":{},"message":"[worker-us-central1-api-70ed723e-7eb0-49d3-b334-bd45fd9947e7]: BUSY"}}
[debug] [2023-08-15T03:26:34.002Z] Finishing up request with event=pause {"metadata":{"emulator":{"name":"functions"},"function":{"name":"us-central1-api"},"extension":{},"message":"Finishing up request with event=pause"}}
[info] i  functions: Finished "us-central1-api" in 2.4081ms {"metadata":{"emulator":{"name":"functions"},"function":{"name":"us-central1-api"},"extension":{},"message":"Finished \"us-central1-api\" in 2.4081ms"}}
[debug] [2023-08-15T03:26:34.003Z] [worker-us-central1-api-70ed723e-7eb0-49d3-b334-bd45fd9947e7]: IDLE {"metadata":{"emulator":{"name":"functions"},"function":{"name":"us-central1-api"},"extension":{},"message":"[worker-us-central1-api-70ed723e-7eb0-49d3-b334-bd45fd9947e7]: IDLE"}}
[debug] [2023-08-15T03:26:34.003Z] Finishing up request with event=finish {"metadata":{"emulator":{"name":"functions"},"function":{"name":"us-central1-api"},"extension":{},"message":"Finishing up request with event=finish"}}
[debug] [2023-08-15T03:26:34.003Z] Finishing up request with event=close {"metadata":{"emulator":{"name":"functions"},"function":{"name":"us-central1-api"},"extension":{},"message":"Finishing up request with event=close"}}
[debug] [2023-08-15T03:26:34.005Z] [work-queue] {"queuedWork":[],"queueLength":0,"runningWork":[],"workRunningCount":0}
[debug] [2023-08-15T03:26:34.005Z] [work-queue] {"queuedWork":["/coverme-47dc7/us-central1/api/users-2023-08-15T03:26:34.005Z"],"queueLength":1,"runningWork":[],"workRunningCount":0}
[debug] [2023-08-15T03:26:34.006Z] [work-queue] {"queuedWork":[],"queueLength":0,"runningWork":["/coverme-47dc7/us-central1/api/users-2023-08-15T03:26:34.005Z"],"workRunningCount":1}
[debug] [2023-08-15T03:26:34.006Z] Accepted request POST /coverme-47dc7/us-central1/api/users --> us-central1-api
[debug] [2023-08-15T03:26:34.008Z] [functions] Runtime ready! Sending request! {"metadata":{"emulator":{"name":"functions"},"message":"[functions] Runtime ready! Sending request!"}}
[debug] [2023-08-15T03:26:34.008Z] [functions] Got req.url=/coverme-47dc7/us-central1/api/users, mapping to path=/users {"metadata":{"emulator":{"name":"functions"},"message":"[functions] Got req.url=/coverme-47dc7/us-central1/api/users, mapping to path=/users"}}
[debug] [2023-08-15T03:26:34.008Z] [worker-pool] submitRequest(triggerId=us-central1-api) {"metadata":{"emulator":{"name":"functions"},"message":"[worker-pool] submitRequest(triggerId=us-central1-api)"}}
[info] i  functions: Beginning execution of "us-central1-api" {"metadata":{"emulator":{"name":"functions"},"function":{"name":"us-central1-api"},"extension":{},"message":"Beginning execution of \"us-central1-api\""}}
[debug] [2023-08-15T03:26:34.009Z] [worker-us-central1-api-70ed723e-7eb0-49d3-b334-bd45fd9947e7]: BUSY {"metadata":{"emulator":{"name":"functions"},"function":{"name":"us-central1-api"},"extension":{},"message":"[worker-us-central1-api-70ed723e-7eb0-49d3-b334-bd45fd9947e7]: BUSY"}}
[debug] [2023-08-15T03:26:34.311Z] Finishing up request with event=pause {"metadata":{"emulator":{"name":"functions"},"function":{"name":"us-central1-api"},"extension":{},"message":"Finishing up request with event=pause"}}
[info] i  functions: Finished "us-central1-api" in 302.0477ms {"metadata":{"emulator":{"name":"functions"},"function":{"name":"us-central1-api"},"extension":{},"message":"Finished \"us-central1-api\" in 302.0477ms"}}
[debug] [2023-08-15T03:26:34.312Z] [worker-us-central1-api-70ed723e-7eb0-49d3-b334-bd45fd9947e7]: IDLE {"metadata":{"emulator":{"name":"functions"},"function":{"name":"us-central1-api"},"extension":{},"message":"[worker-us-central1-api-70ed723e-7eb0-49d3-b334-bd45fd9947e7]: IDLE"}}
[debug] [2023-08-15T03:26:34.312Z] Finishing up request with event=finish {"metadata":{"emulator":{"name":"functions"},"function":{"name":"us-central1-api"},"extension":{},"message":"Finishing up request with event=finish"}}
[debug] [2023-08-15T03:26:34.312Z] Finishing up request with event=close {"metadata":{"emulator":{"name":"functions"},"function":{"name":"us-central1-api"},"extension":{},"message":"Finishing up request with event=close"}}
[debug] [2023-08-15T03:26:34.312Z] [work-queue] {"queuedWork":[],"queueLength":0,"runningWork":[],"workRunningCount":0}
[debug] [2023-08-15T03:26:36.235Z] [work-queue] {"queuedWork":["/coverme-47dc7/us-central1/api/users-2023-08-15T03:26:36.235Z"],"queueLength":1,"runningWork":[],"workRunningCount":0}
[debug] [2023-08-15T03:26:36.235Z] [work-queue] {"queuedWork":[],"queueLength":0,"runningWork":["/coverme-47dc7/us-central1/api/users-2023-08-15T03:26:36.235Z"],"workRunningCount":1}
[debug] [2023-08-15T03:26:36.235Z] Accepted request GET /coverme-47dc7/us-central1/api/users --> us-central1-api
[debug] [2023-08-15T03:26:36.236Z] [functions] Runtime ready! Sending request! {"metadata":{"emulator":{"name":"functions"},"message":"[functions] Runtime ready! Sending request!"}}
[debug] [2023-08-15T03:26:36.237Z] [functions] Got req.url=/coverme-47dc7/us-central1/api/users, mapping to path=/users {"metadata":{"emulator":{"name":"functions"},"message":"[functions] Got req.url=/coverme-47dc7/us-central1/api/users, mapping to path=/users"}}
[debug] [2023-08-15T03:26:36.237Z] [worker-pool] submitRequest(triggerId=us-central1-api) {"metadata":{"emulator":{"name":"functions"},"message":"[worker-pool] submitRequest(triggerId=us-central1-api)"}}
[info] i  functions: Beginning execution of "us-central1-api" {"metadata":{"emulator":{"name":"functions"},"function":{"name":"us-central1-api"},"extension":{},"message":"Beginning execution of \"us-central1-api\""}}
[debug] [2023-08-15T03:26:36.238Z] [worker-us-central1-api-70ed723e-7eb0-49d3-b334-bd45fd9947e7]: BUSY {"metadata":{"emulator":{"name":"functions"},"function":{"name":"us-central1-api"},"extension":{},"message":"[worker-us-central1-api-70ed723e-7eb0-49d3-b334-bd45fd9947e7]: BUSY"}}
[debug] [2023-08-15T03:26:36.239Z] [work-queue] {"queuedWork":["/coverme-47dc7/us-central1/api/staff-2023-08-15T03:26:36.239Z"],"queueLength":1,"runningWork":["/coverme-47dc7/us-central1/api/users-2023-08-15T03:26:36.235Z"],"workRunningCount":1}
[debug] [2023-08-15T03:26:36.239Z] [work-queue] {"queuedWork":[],"queueLength":0,"runningWork":["/coverme-47dc7/us-central1/api/users-2023-08-15T03:26:36.235Z","/coverme-47dc7/us-central1/api/staff-2023-08-15T03:26:36.239Z"],"workRunningCount":2}
[debug] [2023-08-15T03:26:36.239Z] Accepted request GET /coverme-47dc7/us-central1/api/staff --> us-central1-api
[debug] [2023-08-15T03:26:36.241Z] [functions] Runtime ready! Sending request! {"metadata":{"emulator":{"name":"functions"},"message":"[functions] Runtime ready! Sending request!"}}
[debug] [2023-08-15T03:26:36.241Z] [functions] Got req.url=/coverme-47dc7/us-central1/api/staff, mapping to path=/staff {"metadata":{"emulator":{"name":"functions"},"message":"[functions] Got req.url=/coverme-47dc7/us-central1/api/staff, mapping to path=/staff"}}
[debug] [2023-08-15T03:26:36.241Z] [worker-pool] submitRequest(triggerId=us-central1-api) {"metadata":{"emulator":{"name":"functions"},"message":"[worker-pool] submitRequest(triggerId=us-central1-api)"}}
[info] i  functions: Beginning execution of "us-central1-api" {"metadata":{"emulator":{"name":"functions"},"function":{"name":"us-central1-api"},"extension":{},"message":"Beginning execution of \"us-central1-api\""}}
[debug] [2023-08-15T03:26:36.241Z] [worker-us-central1-api-a5e5e6a5-422a-49f8-aa44-0bcef7fafc1a]: BUSY {"metadata":{"emulator":{"name":"functions"},"function":{"name":"us-central1-api"},"extension":{},"message":"[worker-us-central1-api-a5e5e6a5-422a-49f8-aa44-0bcef7fafc1a]: BUSY"}}
[debug] [2023-08-15T03:26:36.504Z] Finishing up request with event=pause {"metadata":{"emulator":{"name":"functions"},"function":{"name":"us-central1-api"},"extension":{},"message":"Finishing up request with event=pause"}}
[info] i  functions: Finished "us-central1-api" in 266.1231ms {"metadata":{"emulator":{"name":"functions"},"function":{"name":"us-central1-api"},"extension":{},"message":"Finished \"us-central1-api\" in 266.1231ms"}}
[debug] [2023-08-15T03:26:36.504Z] [worker-us-central1-api-70ed723e-7eb0-49d3-b334-bd45fd9947e7]: IDLE {"metadata":{"emulator":{"name":"functions"},"function":{"name":"us-central1-api"},"extension":{},"message":"[worker-us-central1-api-70ed723e-7eb0-49d3-b334-bd45fd9947e7]: IDLE"}}
[debug] [2023-08-15T03:26:36.504Z] Finishing up request with event=finish {"metadata":{"emulator":{"name":"functions"},"function":{"name":"us-central1-api"},"extension":{},"message":"Finishing up request with event=finish"}}
[debug] [2023-08-15T03:26:36.505Z] Finishing up request with event=close {"metadata":{"emulator":{"name":"functions"},"function":{"name":"us-central1-api"},"extension":{},"message":"Finishing up request with event=close"}}
[debug] [2023-08-15T03:26:36.505Z] [work-queue] {"queuedWork":[],"queueLength":0,"runningWork":["/coverme-47dc7/us-central1/api/staff-2023-08-15T03:26:36.239Z"],"workRunningCount":1}
[warn] !  Google API requested!
   - URL: "https://oauth2.googleapis.com/token"
   - Be careful, this may be a production service. {"metadata":{"emulator":{"name":"functions"},"function":{"name":"us-central1-api"},"extension":{},"message":"Google API requested!\n   - URL: \"https://oauth2.googleapis.com/token\"\n   - Be careful, this may be a production service."}}
[debug] [2023-08-15T03:26:37.616Z] Finishing up request with event=pause {"metadata":{"emulator":{"name":"functions"},"function":{"name":"us-central1-api"},"extension":{},"message":"Finishing up request with event=pause"}}
[info] i  functions: Finished "us-central1-api" in 1374.5848ms {"metadata":{"emulator":{"name":"functions"},"function":{"name":"us-central1-api"},"extension":{},"message":"Finished \"us-central1-api\" in 1374.5848ms"}}
[debug] [2023-08-15T03:26:37.616Z] [worker-us-central1-api-a5e5e6a5-422a-49f8-aa44-0bcef7fafc1a]: IDLE {"metadata":{"emulator":{"name":"functions"},"function":{"name":"us-central1-api"},"extension":{},"message":"[worker-us-central1-api-a5e5e6a5-422a-49f8-aa44-0bcef7fafc1a]: IDLE"}}
[debug] [2023-08-15T03:26:37.617Z] Finishing up request with event=finish {"metadata":{"emulator":{"name":"functions"},"function":{"name":"us-central1-api"},"extension":{},"message":"Finishing up request with event=finish"}}
[debug] [2023-08-15T03:26:37.617Z] Finishing up request with event=close {"metadata":{"emulator":{"name":"functions"},"function":{"name":"us-central1-api"},"extension":{},"message":"Finishing up request with event=close"}}
[debug] [2023-08-15T03:26:37.617Z] [work-queue] {"queuedWork":[],"queueLength":0,"runningWork":[],"workRunningCount":0}
[debug] [2023-08-15T03:26:46.599Z] [work-queue] {"queuedWork":["/coverme-47dc7/us-central1/api/teams-2023-08-15T03:26:46.599Z"],"queueLength":1,"runningWork":[],"workRunningCount":0}
[debug] [2023-08-15T03:26:46.599Z] [work-queue] {"queuedWork":[],"queueLength":0,"runningWork":["/coverme-47dc7/us-central1/api/teams-2023-08-15T03:26:46.599Z"],"workRunningCount":1}
[debug] [2023-08-15T03:26:46.599Z] Accepted request OPTIONS /coverme-47dc7/us-central1/api/teams --> us-central1-api
[debug] [2023-08-15T03:26:46.601Z] [functions] Runtime ready! Sending request! {"metadata":{"emulator":{"name":"functions"},"message":"[functions] Runtime ready! Sending request!"}}
[debug] [2023-08-15T03:26:46.601Z] [functions] Got req.url=/coverme-47dc7/us-central1/api/teams, mapping to path=/teams {"metadata":{"emulator":{"name":"functions"},"message":"[functions] Got req.url=/coverme-47dc7/us-central1/api/teams, mapping to path=/teams"}}
[debug] [2023-08-15T03:26:46.601Z] [worker-pool] submitRequest(triggerId=us-central1-api) {"metadata":{"emulator":{"name":"functions"},"message":"[worker-pool] submitRequest(triggerId=us-central1-api)"}}
[info] i  functions: Beginning execution of "us-central1-api" {"metadata":{"emulator":{"name":"functions"},"function":{"name":"us-central1-api"},"extension":{},"message":"Beginning execution of \"us-central1-api\""}}
[debug] [2023-08-15T03:26:46.601Z] [worker-us-central1-api-70ed723e-7eb0-49d3-b334-bd45fd9947e7]: BUSY {"metadata":{"emulator":{"name":"functions"},"function":{"name":"us-central1-api"},"extension":{},"message":"[worker-us-central1-api-70ed723e-7eb0-49d3-b334-bd45fd9947e7]: BUSY"}}
[debug] [2023-08-15T03:26:46.604Z] Finishing up request with event=pause {"metadata":{"emulator":{"name":"functions"},"function":{"name":"us-central1-api"},"extension":{},"message":"Finishing up request with event=pause"}}
[info] i  functions: Finished "us-central1-api" in 3.0504ms {"metadata":{"emulator":{"name":"functions"},"function":{"name":"us-central1-api"},"extension":{},"message":"Finished \"us-central1-api\" in 3.0504ms"}}
[debug] [2023-08-15T03:26:46.605Z] [worker-us-central1-api-70ed723e-7eb0-49d3-b334-bd45fd9947e7]: IDLE {"metadata":{"emulator":{"name":"functions"},"function":{"name":"us-central1-api"},"extension":{},"message":"[worker-us-central1-api-70ed723e-7eb0-49d3-b334-bd45fd9947e7]: IDLE"}}
[debug] [2023-08-15T03:26:46.605Z] Finishing up request with event=finish {"metadata":{"emulator":{"name":"functions"},"function":{"name":"us-central1-api"},"extension":{},"message":"Finishing up request with event=finish"}}
[debug] [2023-08-15T03:26:46.606Z] Finishing up request with event=close {"metadata":{"emulator":{"name":"functions"},"function":{"name":"us-central1-api"},"extension":{},"message":"Finishing up request with event=close"}}
[debug] [2023-08-15T03:26:46.606Z] [work-queue] {"queuedWork":[],"queueLength":0,"runningWork":[],"workRunningCount":0}
[debug] [2023-08-15T03:26:46.918Z] [work-queue] {"queuedWork":["/coverme-47dc7/us-central1/api/teams-2023-08-15T03:26:46.918Z"],"queueLength":1,"runningWork":[],"workRunningCount":0}
[debug] [2023-08-15T03:26:46.918Z] [work-queue] {"queuedWork":[],"queueLength":0,"runningWork":["/coverme-47dc7/us-central1/api/teams-2023-08-15T03:26:46.918Z"],"workRunningCount":1}
[debug] [2023-08-15T03:26:46.919Z] Accepted request POST /coverme-47dc7/us-central1/api/teams --> us-central1-api
[debug] [2023-08-15T03:26:46.921Z] [functions] Runtime ready! Sending request! {"metadata":{"emulator":{"name":"functions"},"message":"[functions] Runtime ready! Sending request!"}}
[debug] [2023-08-15T03:26:46.921Z] [functions] Got req.url=/coverme-47dc7/us-central1/api/teams, mapping to path=/teams {"metadata":{"emulator":{"name":"functions"},"message":"[functions] Got req.url=/coverme-47dc7/us-central1/api/teams, mapping to path=/teams"}}
[debug] [2023-08-15T03:26:46.921Z] [worker-pool] submitRequest(triggerId=us-central1-api) {"metadata":{"emulator":{"name":"functions"},"message":"[worker-pool] submitRequest(triggerId=us-central1-api)"}}
[info] i  functions: Beginning execution of "us-central1-api" {"metadata":{"emulator":{"name":"functions"},"function":{"name":"us-central1-api"},"extension":{},"message":"Beginning execution of \"us-central1-api\""}}
[debug] [2023-08-15T03:26:46.922Z] [worker-us-central1-api-70ed723e-7eb0-49d3-b334-bd45fd9947e7]: BUSY {"metadata":{"emulator":{"name":"functions"},"function":{"name":"us-central1-api"},"extension":{},"message":"[worker-us-central1-api-70ed723e-7eb0-49d3-b334-bd45fd9947e7]: BUSY"}}
[debug] [2023-08-15T03:26:47.855Z] Finishing up request with event=pause {"metadata":{"emulator":{"name":"functions"},"function":{"name":"us-central1-api"},"extension":{},"message":"Finishing up request with event=pause"}}
[info] i  functions: Finished "us-central1-api" in 933.2058ms {"metadata":{"emulator":{"name":"functions"},"function":{"name":"us-central1-api"},"extension":{},"message":"Finished \"us-central1-api\" in 933.2058ms"}}
[debug] [2023-08-15T03:26:47.857Z] [worker-us-central1-api-70ed723e-7eb0-49d3-b334-bd45fd9947e7]: IDLE {"metadata":{"emulator":{"name":"functions"},"function":{"name":"us-central1-api"},"extension":{},"message":"[worker-us-central1-api-70ed723e-7eb0-49d3-b334-bd45fd9947e7]: IDLE"}}
[debug] [2023-08-15T03:26:47.858Z] Finishing up request with event=finish {"metadata":{"emulator":{"name":"functions"},"function":{"name":"us-central1-api"},"extension":{},"message":"Finishing up request with event=finish"}}
[debug] [2023-08-15T03:26:47.858Z] Finishing up request with event=close {"metadata":{"emulator":{"name":"functions"},"function":{"name":"us-central1-api"},"extension":{},"message":"Finishing up request with event=close"}}
[debug] [2023-08-15T03:26:47.858Z] [work-queue] {"queuedWork":[],"queueLength":0,"runningWork":[],"workRunningCount":0}
[debug] [2023-08-15T03:26:48.883Z] [work-queue] {"queuedWork":["/coverme-47dc7/us-central1/api/users-2023-08-15T03:26:48.883Z"],"queueLength":1,"runningWork":[],"workRunningCount":0}
[debug] [2023-08-15T03:26:48.883Z] [work-queue] {"queuedWork":[],"queueLength":0,"runningWork":["/coverme-47dc7/us-central1/api/users-2023-08-15T03:26:48.883Z"],"workRunningCount":1}
[debug] [2023-08-15T03:26:48.883Z] Accepted request OPTIONS /coverme-47dc7/us-central1/api/users --> us-central1-api
[debug] [2023-08-15T03:26:48.885Z] [functions] Runtime ready! Sending request! {"metadata":{"emulator":{"name":"functions"},"message":"[functions] Runtime ready! Sending request!"}}
[debug] [2023-08-15T03:26:48.885Z] [functions] Got req.url=/coverme-47dc7/us-central1/api/users, mapping to path=/users {"metadata":{"emulator":{"name":"functions"},"message":"[functions] Got req.url=/coverme-47dc7/us-central1/api/users, mapping to path=/users"}}
[debug] [2023-08-15T03:26:48.885Z] [worker-pool] submitRequest(triggerId=us-central1-api) {"metadata":{"emulator":{"name":"functions"},"message":"[worker-pool] submitRequest(triggerId=us-central1-api)"}}
[info] i  functions: Beginning execution of "us-central1-api" {"metadata":{"emulator":{"name":"functions"},"function":{"name":"us-central1-api"},"extension":{},"message":"Beginning execution of \"us-central1-api\""}}
[debug] [2023-08-15T03:26:48.886Z] [worker-us-central1-api-70ed723e-7eb0-49d3-b334-bd45fd9947e7]: BUSY {"metadata":{"emulator":{"name":"functions"},"function":{"name":"us-central1-api"},"extension":{},"message":"[worker-us-central1-api-70ed723e-7eb0-49d3-b334-bd45fd9947e7]: BUSY"}}
[debug] [2023-08-15T03:26:48.888Z] Finishing up request with event=pause {"metadata":{"emulator":{"name":"functions"},"function":{"name":"us-central1-api"},"extension":{},"message":"Finishing up request with event=pause"}}
[info] i  functions: Finished "us-central1-api" in 2.1803ms {"metadata":{"emulator":{"name":"functions"},"function":{"name":"us-central1-api"},"extension":{},"message":"Finished \"us-central1-api\" in 2.1803ms"}}
[debug] [2023-08-15T03:26:48.889Z] [worker-us-central1-api-70ed723e-7eb0-49d3-b334-bd45fd9947e7]: IDLE {"metadata":{"emulator":{"name":"functions"},"function":{"name":"us-central1-api"},"extension":{},"message":"[worker-us-central1-api-70ed723e-7eb0-49d3-b334-bd45fd9947e7]: IDLE"}}
[debug] [2023-08-15T03:26:48.889Z] Finishing up request with event=finish {"metadata":{"emulator":{"name":"functions"},"function":{"name":"us-central1-api"},"extension":{},"message":"Finishing up request with event=finish"}}
[debug] [2023-08-15T03:26:48.889Z] Finishing up request with event=close {"metadata":{"emulator":{"name":"functions"},"function":{"name":"us-central1-api"},"extension":{},"message":"Finishing up request with event=close"}}
[debug] [2023-08-15T03:26:48.889Z] [work-queue] {"queuedWork":[],"queueLength":0,"runningWork":[],"workRunningCount":0}
[debug] [2023-08-15T03:26:48.890Z] [work-queue] {"queuedWork":["/coverme-47dc7/us-central1/api/users-2023-08-15T03:26:48.890Z"],"queueLength":1,"runningWork":[],"workRunningCount":0}
[debug] [2023-08-15T03:26:48.890Z] [work-queue] {"queuedWork":[],"queueLength":0,"runningWork":["/coverme-47dc7/us-central1/api/users-2023-08-15T03:26:48.890Z"],"workRunningCount":1}
[debug] [2023-08-15T03:26:48.890Z] Accepted request POST /coverme-47dc7/us-central1/api/users --> us-central1-api
[debug] [2023-08-15T03:26:48.892Z] [functions] Runtime ready! Sending request! {"metadata":{"emulator":{"name":"functions"},"message":"[functions] Runtime ready! Sending request!"}}
[debug] [2023-08-15T03:26:48.892Z] [functions] Got req.url=/coverme-47dc7/us-central1/api/users, mapping to path=/users {"metadata":{"emulator":{"name":"functions"},"message":"[functions] Got req.url=/coverme-47dc7/us-central1/api/users, mapping to path=/users"}}
[debug] [2023-08-15T03:26:48.892Z] [worker-pool] submitRequest(triggerId=us-central1-api) {"metadata":{"emulator":{"name":"functions"},"message":"[worker-pool] submitRequest(triggerId=us-central1-api)"}}
[info] i  functions: Beginning execution of "us-central1-api" {"metadata":{"emulator":{"name":"functions"},"function":{"name":"us-central1-api"},"extension":{},"message":"Beginning execution of \"us-central1-api\""}}
[debug] [2023-08-15T03:26:48.893Z] [worker-us-central1-api-70ed723e-7eb0-49d3-b334-bd45fd9947e7]: BUSY {"metadata":{"emulator":{"name":"functions"},"function":{"name":"us-central1-api"},"extension":{},"message":"[worker-us-central1-api-70ed723e-7eb0-49d3-b334-bd45fd9947e7]: BUSY"}}
[debug] [2023-08-15T03:26:48.893Z] [work-queue] {"queuedWork":["/coverme-47dc7/us-central1/api/staff/list-2023-08-15T03:26:48.893Z"],"queueLength":1,"runningWork":["/coverme-47dc7/us-central1/api/users-2023-08-15T03:26:48.890Z"],"workRunningCount":1}
[debug] [2023-08-15T03:26:48.894Z] [work-queue] {"queuedWork":[],"queueLength":0,"runningWork":["/coverme-47dc7/us-central1/api/users-2023-08-15T03:26:48.890Z","/coverme-47dc7/us-central1/api/staff/list-2023-08-15T03:26:48.893Z"],"workRunningCount":2}
[debug] [2023-08-15T03:26:48.894Z] Accepted request OPTIONS /coverme-47dc7/us-central1/api/staff/list --> us-central1-api
[debug] [2023-08-15T03:26:48.896Z] [functions] Runtime ready! Sending request! {"metadata":{"emulator":{"name":"functions"},"message":"[functions] Runtime ready! Sending request!"}}
[debug] [2023-08-15T03:26:48.896Z] [functions] Got req.url=/coverme-47dc7/us-central1/api/staff/list, mapping to path=/staff/list {"metadata":{"emulator":{"name":"functions"},"message":"[functions] Got req.url=/coverme-47dc7/us-central1/api/staff/list, mapping to path=/staff/list"}}
[debug] [2023-08-15T03:26:48.896Z] [worker-pool] submitRequest(triggerId=us-central1-api) {"metadata":{"emulator":{"name":"functions"},"message":"[worker-pool] submitRequest(triggerId=us-central1-api)"}}
[info] i  functions: Beginning execution of "us-central1-api" {"metadata":{"emulator":{"name":"functions"},"function":{"name":"us-central1-api"},"extension":{},"message":"Beginning execution of \"us-central1-api\""}}
[debug] [2023-08-15T03:26:48.897Z] [worker-us-central1-api-a5e5e6a5-422a-49f8-aa44-0bcef7fafc1a]: BUSY {"metadata":{"emulator":{"name":"functions"},"function":{"name":"us-central1-api"},"extension":{},"message":"[worker-us-central1-api-a5e5e6a5-422a-49f8-aa44-0bcef7fafc1a]: BUSY"}}
[debug] [2023-08-15T03:26:48.901Z] Finishing up request with event=pause {"metadata":{"emulator":{"name":"functions"},"function":{"name":"us-central1-api"},"extension":{},"message":"Finishing up request with event=pause"}}
[info] i  functions: Finished "us-central1-api" in 7.5985ms {"metadata":{"emulator":{"name":"functions"},"function":{"name":"us-central1-api"},"extension":{},"message":"Finished \"us-central1-api\" in 7.5985ms"}}
[debug] [2023-08-15T03:26:48.906Z] [worker-us-central1-api-a5e5e6a5-422a-49f8-aa44-0bcef7fafc1a]: IDLE {"metadata":{"emulator":{"name":"functions"},"function":{"name":"us-central1-api"},"extension":{},"message":"[worker-us-central1-api-a5e5e6a5-422a-49f8-aa44-0bcef7fafc1a]: IDLE"}}
[debug] [2023-08-15T03:26:48.906Z] Finishing up request with event=finish {"metadata":{"emulator":{"name":"functions"},"function":{"name":"us-central1-api"},"extension":{},"message":"Finishing up request with event=finish"}}
[debug] [2023-08-15T03:26:48.906Z] Finishing up request with event=close {"metadata":{"emulator":{"name":"functions"},"function":{"name":"us-central1-api"},"extension":{},"message":"Finishing up request with event=close"}}
[debug] [2023-08-15T03:26:48.907Z] [work-queue] {"queuedWork":[],"queueLength":0,"runningWork":["/coverme-47dc7/us-central1/api/users-2023-08-15T03:26:48.890Z"],"workRunningCount":1}
[debug] [2023-08-15T03:26:48.907Z] [work-queue] {"queuedWork":["/coverme-47dc7/us-central1/api/staff/list-2023-08-15T03:26:48.907Z"],"queueLength":1,"runningWork":["/coverme-47dc7/us-central1/api/users-2023-08-15T03:26:48.890Z"],"workRunningCount":1}
[debug] [2023-08-15T03:26:48.907Z] [work-queue] {"queuedWork":[],"queueLength":0,"runningWork":["/coverme-47dc7/us-central1/api/users-2023-08-15T03:26:48.890Z","/coverme-47dc7/us-central1/api/staff/list-2023-08-15T03:26:48.907Z"],"workRunningCount":2}
[debug] [2023-08-15T03:26:48.908Z] Accepted request POST /coverme-47dc7/us-central1/api/staff/list --> us-central1-api
[debug] [2023-08-15T03:26:48.910Z] [functions] Runtime ready! Sending request! {"metadata":{"emulator":{"name":"functions"},"message":"[functions] Runtime ready! Sending request!"}}
[debug] [2023-08-15T03:26:48.910Z] [functions] Got req.url=/coverme-47dc7/us-central1/api/staff/list, mapping to path=/staff/list {"metadata":{"emulator":{"name":"functions"},"message":"[functions] Got req.url=/coverme-47dc7/us-central1/api/staff/list, mapping to path=/staff/list"}}
[debug] [2023-08-15T03:26:48.910Z] [worker-pool] submitRequest(triggerId=us-central1-api) {"metadata":{"emulator":{"name":"functions"},"message":"[worker-pool] submitRequest(triggerId=us-central1-api)"}}
[info] i  functions: Beginning execution of "us-central1-api" {"metadata":{"emulator":{"name":"functions"},"function":{"name":"us-central1-api"},"extension":{},"message":"Beginning execution of \"us-central1-api\""}}
[debug] [2023-08-15T03:26:48.912Z] [worker-us-central1-api-a5e5e6a5-422a-49f8-aa44-0bcef7fafc1a]: BUSY {"metadata":{"emulator":{"name":"functions"},"function":{"name":"us-central1-api"},"extension":{},"message":"[worker-us-central1-api-a5e5e6a5-422a-49f8-aa44-0bcef7fafc1a]: BUSY"}}
[debug] [2023-08-15T03:26:49.158Z] Finishing up request with event=pause {"metadata":{"emulator":{"name":"functions"},"function":{"name":"us-central1-api"},"extension":{},"message":"Finishing up request with event=pause"}}
[info] i  functions: Finished "us-central1-api" in 265.7509ms {"metadata":{"emulator":{"name":"functions"},"function":{"name":"us-central1-api"},"extension":{},"message":"Finished \"us-central1-api\" in 265.7509ms"}}
[debug] [2023-08-15T03:26:49.159Z] [worker-us-central1-api-70ed723e-7eb0-49d3-b334-bd45fd9947e7]: IDLE {"metadata":{"emulator":{"name":"functions"},"function":{"name":"us-central1-api"},"extension":{},"message":"[worker-us-central1-api-70ed723e-7eb0-49d3-b334-bd45fd9947e7]: IDLE"}}
[debug] [2023-08-15T03:26:49.160Z] Finishing up request with event=finish {"metadata":{"emulator":{"name":"functions"},"function":{"name":"us-central1-api"},"extension":{},"message":"Finishing up request with event=finish"}}
[debug] [2023-08-15T03:26:49.160Z] Finishing up request with event=close {"metadata":{"emulator":{"name":"functions"},"function":{"name":"us-central1-api"},"extension":{},"message":"Finishing up request with event=close"}}
[debug] [2023-08-15T03:26:49.160Z] [work-queue] {"queuedWork":[],"queueLength":0,"runningWork":["/coverme-47dc7/us-central1/api/staff/list-2023-08-15T03:26:48.907Z"],"workRunningCount":1}
[debug] [2023-08-15T03:26:49.251Z] Finishing up request with event=pause {"metadata":{"emulator":{"name":"functions"},"function":{"name":"us-central1-api"},"extension":{},"message":"Finishing up request with event=pause"}}
[info] i  functions: Finished "us-central1-api" in 339.3218ms {"metadata":{"emulator":{"name":"functions"},"function":{"name":"us-central1-api"},"extension":{},"message":"Finished \"us-central1-api\" in 339.3218ms"}}
[debug] [2023-08-15T03:26:49.252Z] [worker-us-central1-api-a5e5e6a5-422a-49f8-aa44-0bcef7fafc1a]: IDLE {"metadata":{"emulator":{"name":"functions"},"function":{"name":"us-central1-api"},"extension":{},"message":"[worker-us-central1-api-a5e5e6a5-422a-49f8-aa44-0bcef7fafc1a]: IDLE"}}
[debug] [2023-08-15T03:26:49.253Z] Finishing up request with event=finish {"metadata":{"emulator":{"name":"functions"},"function":{"name":"us-central1-api"},"extension":{},"message":"Finishing up request with event=finish"}}
[debug] [2023-08-15T03:26:49.253Z] Finishing up request with event=close {"metadata":{"emulator":{"name":"functions"},"function":{"name":"us-central1-api"},"extension":{},"message":"Finishing up request with event=close"}}
[debug] [2023-08-15T03:26:49.253Z] [work-queue] {"queuedWork":[],"queueLength":0,"runningWork":[],"workRunningCount":0}
[debug] [2023-08-15T03:26:51.891Z] [work-queue] {"queuedWork":["/coverme-47dc7/us-central1/api/staff-2023-08-15T03:26:51.891Z"],"queueLength":1,"runningWork":[],"workRunningCount":0}
[debug] [2023-08-15T03:26:51.891Z] [work-queue] {"queuedWork":[],"queueLength":0,"runningWork":["/coverme-47dc7/us-central1/api/staff-2023-08-15T03:26:51.891Z"],"workRunningCount":1}
[debug] [2023-08-15T03:26:51.891Z] Accepted request GET /coverme-47dc7/us-central1/api/staff --> us-central1-api
[debug] [2023-08-15T03:26:51.893Z] [functions] Runtime ready! Sending request! {"metadata":{"emulator":{"name":"functions"},"message":"[functions] Runtime ready! Sending request!"}}
[debug] [2023-08-15T03:26:51.893Z] [functions] Got req.url=/coverme-47dc7/us-central1/api/staff, mapping to path=/staff {"metadata":{"emulator":{"name":"functions"},"message":"[functions] Got req.url=/coverme-47dc7/us-central1/api/staff, mapping to path=/staff"}}
[debug] [2023-08-15T03:26:51.893Z] [worker-pool] submitRequest(triggerId=us-central1-api) {"metadata":{"emulator":{"name":"functions"},"message":"[worker-pool] submitRequest(triggerId=us-central1-api)"}}
[info] i  functions: Beginning execution of "us-central1-api" {"metadata":{"emulator":{"name":"functions"},"function":{"name":"us-central1-api"},"extension":{},"message":"Beginning execution of \"us-central1-api\""}}
[debug] [2023-08-15T03:26:51.894Z] [worker-us-central1-api-70ed723e-7eb0-49d3-b334-bd45fd9947e7]: BUSY {"metadata":{"emulator":{"name":"functions"},"function":{"name":"us-central1-api"},"extension":{},"message":"[worker-us-central1-api-70ed723e-7eb0-49d3-b334-bd45fd9947e7]: BUSY"}}
[debug] [2023-08-15T03:26:51.895Z] [work-queue] {"queuedWork":["/coverme-47dc7/us-central1/api/teams-2023-08-15T03:26:51.895Z"],"queueLength":1,"runningWork":["/coverme-47dc7/us-central1/api/staff-2023-08-15T03:26:51.891Z"],"workRunningCount":1}
[debug] [2023-08-15T03:26:51.895Z] [work-queue] {"queuedWork":[],"queueLength":0,"runningWork":["/coverme-47dc7/us-central1/api/staff-2023-08-15T03:26:51.891Z","/coverme-47dc7/us-central1/api/teams-2023-08-15T03:26:51.895Z"],"workRunningCount":2}
[debug] [2023-08-15T03:26:51.895Z] Accepted request GET /coverme-47dc7/us-central1/api/teams --> us-central1-api
[debug] [2023-08-15T03:26:51.896Z] [functions] Runtime ready! Sending request! {"metadata":{"emulator":{"name":"functions"},"message":"[functions] Runtime ready! Sending request!"}}
[debug] [2023-08-15T03:26:51.896Z] [functions] Got req.url=/coverme-47dc7/us-central1/api/teams, mapping to path=/teams {"metadata":{"emulator":{"name":"functions"},"message":"[functions] Got req.url=/coverme-47dc7/us-central1/api/teams, mapping to path=/teams"}}
[debug] [2023-08-15T03:26:51.897Z] [worker-pool] submitRequest(triggerId=us-central1-api) {"metadata":{"emulator":{"name":"functions"},"message":"[worker-pool] submitRequest(triggerId=us-central1-api)"}}
[info] i  functions: Beginning execution of "us-central1-api" {"metadata":{"emulator":{"name":"functions"},"function":{"name":"us-central1-api"},"extension":{},"message":"Beginning execution of \"us-central1-api\""}}
[debug] [2023-08-15T03:26:51.897Z] [worker-us-central1-api-a5e5e6a5-422a-49f8-aa44-0bcef7fafc1a]: BUSY {"metadata":{"emulator":{"name":"functions"},"function":{"name":"us-central1-api"},"extension":{},"message":"[worker-us-central1-api-a5e5e6a5-422a-49f8-aa44-0bcef7fafc1a]: BUSY"}}
[debug] [2023-08-15T03:26:52.277Z] Finishing up request with event=pause {"metadata":{"emulator":{"name":"functions"},"function":{"name":"us-central1-api"},"extension":{},"message":"Finishing up request with event=pause"}}
[info] i  functions: Finished "us-central1-api" in 380.1068ms {"metadata":{"emulator":{"name":"functions"},"function":{"name":"us-central1-api"},"extension":{},"message":"Finished \"us-central1-api\" in 380.1068ms"}}
[debug] [2023-08-15T03:26:52.278Z] [worker-us-central1-api-a5e5e6a5-422a-49f8-aa44-0bcef7fafc1a]: IDLE {"metadata":{"emulator":{"name":"functions"},"function":{"name":"us-central1-api"},"extension":{},"message":"[worker-us-central1-api-a5e5e6a5-422a-49f8-aa44-0bcef7fafc1a]: IDLE"}}
[debug] [2023-08-15T03:26:52.279Z] Finishing up request with event=finish {"metadata":{"emulator":{"name":"functions"},"function":{"name":"us-central1-api"},"extension":{},"message":"Finishing up request with event=finish"}}
[debug] [2023-08-15T03:26:52.279Z] Finishing up request with event=close {"metadata":{"emulator":{"name":"functions"},"function":{"name":"us-central1-api"},"extension":{},"message":"Finishing up request with event=close"}}
[debug] [2023-08-15T03:26:52.279Z] [work-queue] {"queuedWork":[],"queueLength":0,"runningWork":["/coverme-47dc7/us-central1/api/staff-2023-08-15T03:26:51.891Z"],"workRunningCount":1}
[debug] [2023-08-15T03:26:52.326Z] Finishing up request with event=pause {"metadata":{"emulator":{"name":"functions"},"function":{"name":"us-central1-api"},"extension":{},"message":"Finishing up request with event=pause"}}
[info] i  functions: Finished "us-central1-api" in 432.6873ms {"metadata":{"emulator":{"name":"functions"},"function":{"name":"us-central1-api"},"extension":{},"message":"Finished \"us-central1-api\" in 432.6873ms"}}
[debug] [2023-08-15T03:26:52.327Z] [worker-us-central1-api-70ed723e-7eb0-49d3-b334-bd45fd9947e7]: IDLE {"metadata":{"emulator":{"name":"functions"},"function":{"name":"us-central1-api"},"extension":{},"message":"[worker-us-central1-api-70ed723e-7eb0-49d3-b334-bd45fd9947e7]: IDLE"}}
[debug] [2023-08-15T03:26:52.328Z] Finishing up request with event=finish {"metadata":{"emulator":{"name":"functions"},"function":{"name":"us-central1-api"},"extension":{},"message":"Finishing up request with event=finish"}}
[debug] [2023-08-15T03:26:52.328Z] Finishing up request with event=close {"metadata":{"emulator":{"name":"functions"},"function":{"name":"us-central1-api"},"extension":{},"message":"Finishing up request with event=close"}}
[debug] [2023-08-15T03:26:52.328Z] [work-queue] {"queuedWork":[],"queueLength":0,"runningWork":[],"workRunningCount":0}
[debug] [2023-08-15T03:26:52.332Z] [work-queue] {"queuedWork":["/coverme-47dc7/us-central1/api/overtime-callouts/staffList-2023-08-15T03:26:52.332Z"],"queueLength":1,"runningWork":[],"workRunningCount":0}
[debug] [2023-08-15T03:26:52.332Z] [work-queue] {"queuedWork":[],"queueLength":0,"runningWork":["/coverme-47dc7/us-central1/api/overtime-callouts/staffList-2023-08-15T03:26:52.332Z"],"workRunningCount":1}
[debug] [2023-08-15T03:26:52.332Z] Accepted request GET /coverme-47dc7/us-central1/api/overtime-callouts/staffList --> us-central1-api
[debug] [2023-08-15T03:26:52.334Z] [functions] Runtime ready! Sending request! {"metadata":{"emulator":{"name":"functions"},"message":"[functions] Runtime ready! Sending request!"}}
[debug] [2023-08-15T03:26:52.334Z] [functions] Got req.url=/coverme-47dc7/us-central1/api/overtime-callouts/staffList, mapping to path=/overtime-callouts/staffList {"metadata":{"emulator":{"name":"functions"},"message":"[functions] Got req.url=/coverme-47dc7/us-central1/api/overtime-callouts/staffList, mapping to path=/overtime-callouts/staffList"}}
[debug] [2023-08-15T03:26:52.334Z] [worker-pool] submitRequest(triggerId=us-central1-api) {"metadata":{"emulator":{"name":"functions"},"message":"[worker-pool] submitRequest(triggerId=us-central1-api)"}}
[info] i  functions: Beginning execution of "us-central1-api" {"metadata":{"emulator":{"name":"functions"},"function":{"name":"us-central1-api"},"extension":{},"message":"Beginning execution of \"us-central1-api\""}}
[debug] [2023-08-15T03:26:52.335Z] [worker-us-central1-api-70ed723e-7eb0-49d3-b334-bd45fd9947e7]: BUSY {"metadata":{"emulator":{"name":"functions"},"function":{"name":"us-central1-api"},"extension":{},"message":"[worker-us-central1-api-70ed723e-7eb0-49d3-b334-bd45fd9947e7]: BUSY"}}
[debug] [2023-08-15T03:26:52.766Z] Finishing up request with event=pause {"metadata":{"emulator":{"name":"functions"},"function":{"name":"us-central1-api"},"extension":{},"message":"Finishing up request with event=pause"}}
[info] i  functions: Finished "us-central1-api" in 430.9586ms {"metadata":{"emulator":{"name":"functions"},"function":{"name":"us-central1-api"},"extension":{},"message":"Finished \"us-central1-api\" in 430.9586ms"}}
[debug] [2023-08-15T03:26:52.768Z] [worker-us-central1-api-70ed723e-7eb0-49d3-b334-bd45fd9947e7]: IDLE {"metadata":{"emulator":{"name":"functions"},"function":{"name":"us-central1-api"},"extension":{},"message":"[worker-us-central1-api-70ed723e-7eb0-49d3-b334-bd45fd9947e7]: IDLE"}}
[debug] [2023-08-15T03:26:52.768Z] Finishing up request with event=finish {"metadata":{"emulator":{"name":"functions"},"function":{"name":"us-central1-api"},"extension":{},"message":"Finishing up request with event=finish"}}
[debug] [2023-08-15T03:26:52.768Z] Finishing up request with event=close {"metadata":{"emulator":{"name":"functions"},"function":{"name":"us-central1-api"},"extension":{},"message":"Finishing up request with event=close"}}
[debug] [2023-08-15T03:26:52.768Z] [work-queue] {"queuedWork":[],"queueLength":0,"runningWork":[],"workRunningCount":0}
[debug] [2023-08-15T03:32:46.372Z] Received signal SIGHUP 1
